<?xml version="1.0" encoding="UTF-8"?>
<!-- Generated by org.testng.reporters.JUnitXMLReporter -->
<testsuite hostname="LAPTOP-4Q0EGICL" ignored="0" name="Web Tests" tests="4" failures="0" timestamp="2022-06-25T14:21:14 IDT" time="12.626" errors="0">
  <testcase name="test01_verifyTeam" time="5.215" classname="sanity.GrafanaAPI"/>
  <testcase name="test02_addTeamAndVerify" time="0.177" classname="sanity.GrafanaAPI"/>
  <testcase name="test03_updateTeamAndVerify" time="0.177" classname="sanity.GrafanaAPI"/>
  <testcase name="test04_deleteExistingTeam" time="0.212" classname="sanity.GrafanaAPI"/>
</testsuite> <!-- Web Tests -->
