<?xml version="1.0" encoding="UTF-8"?>
<testsuite xmlns:xsi="http://www.w3.org/2001/XMLSchema-instance" xsi:noNamespaceSchemaLocation="https://maven.apache.org/surefire/maven-surefire-plugin/xsd/surefire-test-report.xsd" name="TestSuite" time="18.808" tests="4" errors="0" skipped="0" failures="0">
  <properties>
[...]
</properties>
  <testcase name="test01_verifyTeam" classname="sanity.GrafanaAPI" time="5.212"/>
  <testcase name="test02_addTeamAndVerify" classname="sanity.GrafanaAPI" time="0.176"/>
  <testcase name="test03_updateTeamAndVerify" classname="sanity.GrafanaAPI" time="0.18"/>
  <testcase name="test04_deleteExistingTeam" classname="sanity.GrafanaAPI" time="0.212"/>
</testsuite>